
=== Wed Oct 16 00:32:58 2024

Packages were changed.
Update Mode: updateDependencies

The following packages were added:
  com.unity.2d.sprite@1.0.0
  com.unity.2d.tilemap@1.0.0
  com.unity.ads@4.4.2
  com.unity.analytics@3.8.1
  com.unity.collab-proxy@2.2.0
  com.unity.ide.rider@3.0.27
  com.unity.ide.visualstudio@2.0.22
  com.unity.ide.vscode@1.2.5
  com.unity.purchasing@4.9.3
  com.unity.test-framework@1.1.33
  com.unity.textmeshpro@3.0.6
  com.unity.timeline@1.7.6
  com.unity.ugui@1.0.0
  com.unity.xr.legacyinputhelpers@2.1.10
  com.unity.ai.navigation@1.1.5

=== Wed Oct 16 00:36:26 2024

Packages were changed.
Update Mode: updateDependencies

The following packages were updated:
  com.unity.collab-proxy from version 1.2.16 to 2.2.0
  com.unity.ide.rider from version 1.1.4 to 3.0.27
  com.unity.ide.vscode from version 1.1.4 to 1.2.5
  com.unity.postprocessing from version 2.3.0 to 3.4.0
  com.unity.test-framework from version 1.1.9 to 1.1.33
  com.unity.textmeshpro from version 2.0.1 to 3.0.6
  com.unity.timeline from version 1.2.10 to 1.7.6

=== Wed Oct 16 00:36:26 2024

Packages were changed.
Update Mode: mergeDefaultDependencies

The following packages were added:
  com.unity.postprocessing@3.4.0
